{"name": "test_Credkart_registration_003", "status": "broken", "statusDetails": {"message": "selenium.common.exceptions.NoSuchElementException: Message: no such element: Unable to locate element: {\"method\":\"xpath\",\"selector\":\"//input[@id='name']\"}\n  (Session info: chrome=144.0.7559.133); For documentation on this error, please visit: https://www.selenium.dev/documentation/webdriver/troubleshooting/errors#nosuchelementexception\nStacktrace:\nSymbols not available. Dumping unresolved backtrace:\n\t0x7ff77d0c88e5\n\t0x7ff77d0c8940\n\t0x7ff77cea165d\n\t0x7ff77cef9a33\n\t0x7ff77cef9d3c\n\t0x7ff77cf4df67\n\t0x7ff77cf4ac97\n\t0x7ff77ceeac29\n\t0x7ff77ceeba93\n\t0x7ff77d3e0640\n\t0x7ff77d3daf80\n\t0x7ff77d3f96e6\n\t0x7ff77d0e5de4\n\t0x7ff77d0eed8c\n\t0x7ff77d0d2004\n\t0x7ff77d0d21b5\n\t0x7ff77d0b7ee2\n\t0x7ffd92b4e8d7\n\t0x7ffd9446c53c", "trace": "self = <testCases.test_Credkart_User_Profile_001.Test_User_Profile object at 0x000001E7BE07C770>\n\n    @allure.title(\"test_Credkart_registration_003\")\n    @allure.severity(allure.severity_level.CRITICAL)\n    @allure.epic(\"Epic: Userprofile: user registration\")\n    @allure.description(\"This testcases is to validate CredKart website user registration\")\n    @allure.link(login_url)\n    @allure.issue(\"user registration\")\n    @allure.story(\"CredKart : User registration\")\n    @pytest.mark.smoke\n    @pytest.mark.flaky(reruns=1, rerun_delay=1)\n    #@pytest.mark.dependency(depends=[\"test_verify_Credkart_url_001\"])\n    @pytest.mark.order(3)\n    def test_Credkart_registration_003(self):\n        self.log.info(f\"Testcase test_verify_Credkart_url_003 is starting\")\n    \n        self.driver.get(self.registration_url)\n        self.log.info(f\"Opening browser and getting {self.registration_url}\")\n        fake_email = \"\"\n        fake_username = Faker().user_name()  # New\n        fake_email = Faker().email()  # New\n        self.log.info(f\"Generated fake data for username --> {fake_username} and email --> {fake_email}\")\n        password_data = \"Credence_user_101@123\"\n    \n    \n    \n        self.rp = Registration_Page_Class(self.driver)\n    \n        # Enter Username\n>       self.rp.Enter_Name(fake_username)\n\ntestCases\\test_Credkart_User_Profile_001.py:176: \n_ _ _ _ _ _ _ _ _ _ _ _ _ _ _ _ _ _ _ _ _ _ _ _ _ _ _ _ _ _ _ _ _ _ _ _ _ _ _ _\npageObjects\\Registration_Page.py:16: in Enter_Name\n    self.driver.find_element(By.XPATH, self.text_name_xpath).send_keys(name)\n    ^^^^^^^^^^^^^^^^^^^^^^^^^^^^^^^^^^^^^^^^^^^^^^^^^^^^^^^^\n.venv\\Lib\\site-packages\\selenium\\webdriver\\remote\\webdriver.py:802: in find_element\n    return self.execute(Command.FIND_ELEMENT, {\"using\": by, \"value\": value})[\"value\"]\n           ^^^^^^^^^^^^^^^^^^^^^^^^^^^^^^^^^^^^^^^^^^^^^^^^^^^^^^^^^^^^^^^^^\n.venv\\Lib\\site-packages\\selenium\\webdriver\\remote\\webdriver.py:432: in execute\n    self.error_handler.check_response(response)\n_ _ _ _ _ _ _ _ _ _ _ _ _ _ _ _ _ _ _ _ _ _ _ _ _ _ _ _ _ _ _ _ _ _ _ _ _ _ _ _\n\nself = <selenium.webdriver.remote.errorhandler.ErrorHandler object at 0x000001E7BE1070E0>\nresponse = {'status': 404, 'value': '{\"value\":{\"error\":\"no such element\",\"message\":\"no such element: Unable to locate element: {\\...ff77d0eed8c\\\\n\\\\t0x7ff77d0d2004\\\\n\\\\t0x7ff77d0d21b5\\\\n\\\\t0x7ff77d0b7ee2\\\\n\\\\t0x7ffd92b4e8d7\\\\n\\\\t0x7ffd9446c53c\\\\n\"}}'}\n\n    def check_response(self, response: dict[str, Any]) -> None:\n        \"\"\"Check that a JSON response from the WebDriver does not have an error.\n    \n        Args:\n            response: The JSON response from the WebDriver server as a dictionary\n                object.\n    \n        Raises:\n            WebDriverException: If the response contains an error message.\n        \"\"\"\n        status = response.get(\"status\", None)\n        if not status or status == ErrorCode.SUCCESS:\n            return\n        value = None\n        message = response.get(\"message\", \"\")\n        screen: str = response.get(\"screen\", \"\")\n        stacktrace = None\n        if isinstance(status, int):\n            value_json = response.get(\"value\", None)\n            if value_json and isinstance(value_json, str):\n                try:\n                    value = json.loads(value_json)\n                    if isinstance(value, dict):\n                        if len(value) == 1:\n                            value = value[\"value\"]\n                        status = value.get(\"error\", None)\n                        if not status:\n                            status = value.get(\"status\", ErrorCode.UNKNOWN_ERROR)\n                            message = value.get(\"value\") or value.get(\"message\")\n                            if not isinstance(message, str):\n                                value = message\n                                message = message.get(\"message\") if isinstance(message, dict) else None\n                        else:\n                            message = value.get(\"message\", None)\n                except ValueError:\n                    pass\n    \n        exception_class: type[WebDriverException]\n        e = ErrorCode()\n        error_codes = [item for item in dir(e) if not item.startswith(\"__\")]\n        for error_code in error_codes:\n            error_info = getattr(ErrorCode, error_code)\n            if isinstance(error_info, list) and status in error_info:\n                exception_class = getattr(ExceptionMapping, error_code, WebDriverException)\n                break\n        else:\n            exception_class = WebDriverException\n    \n        if not value:\n            value = response[\"value\"]\n        if isinstance(value, str):\n            raise exception_class(value)\n        if message == \"\" and \"message\" in value:\n            message = value[\"message\"]\n    \n        screen = None  # type: ignore[assignment]\n        if \"screen\" in value:\n            screen = value[\"screen\"]\n    \n        stacktrace = None\n        st_value = value.get(\"stackTrace\") or value.get(\"stacktrace\")\n        if st_value:\n            if isinstance(st_value, str):\n                stacktrace = st_value.split(\"\\n\")\n            else:\n                stacktrace = []\n                try:\n                    for frame in st_value:\n                        line = frame.get(\"lineNumber\", \"\")\n                        file = frame.get(\"fileName\", \"<anonymous>\")\n                        if line:\n                            file = f\"{file}:{line}\"\n                        meth = frame.get(\"methodName\", \"<anonymous>\")\n                        if \"className\" in frame:\n                            meth = f\"{frame['className']}.{meth}\"\n                        msg = \"    at %s (%s)\"\n                        msg = msg % (meth, file)\n                        stacktrace.append(msg)\n                except TypeError:\n                    pass\n        if exception_class == UnexpectedAlertPresentException:\n            alert_text = None\n            if \"data\" in value:\n                alert_text = value[\"data\"].get(\"text\")\n            elif \"alert\" in value:\n                alert_text = value[\"alert\"].get(\"text\")\n            raise exception_class(message, screen, stacktrace, alert_text)  # type: ignore[call-arg]  # mypy is not smart enough here\n>       raise exception_class(message, screen, stacktrace)\nE       selenium.common.exceptions.NoSuchElementException: Message: no such element: Unable to locate element: {\"method\":\"xpath\",\"selector\":\"//input[@id='name']\"}\nE         (Session info: chrome=144.0.7559.133); For documentation on this error, please visit: https://www.selenium.dev/documentation/webdriver/troubleshooting/errors#nosuchelementexception\nE       Stacktrace:\nE       Symbols not available. Dumping unresolved backtrace:\nE       \t0x7ff77d0c88e5\nE       \t0x7ff77d0c8940\nE       \t0x7ff77cea165d\nE       \t0x7ff77cef9a33\nE       \t0x7ff77cef9d3c\nE       \t0x7ff77cf4df67\nE       \t0x7ff77cf4ac97\nE       \t0x7ff77ceeac29\nE       \t0x7ff77ceeba93\nE       \t0x7ff77d3e0640\nE       \t0x7ff77d3daf80\nE       \t0x7ff77d3f96e6\nE       \t0x7ff77d0e5de4\nE       \t0x7ff77d0eed8c\nE       \t0x7ff77d0d2004\nE       \t0x7ff77d0d21b5\nE       \t0x7ff77d0b7ee2\nE       \t0x7ffd92b4e8d7\nE       \t0x7ffd9446c53c\n\n.venv\\Lib\\site-packages\\selenium\\webdriver\\remote\\errorhandler.py:232: NoSuchElementException"}, "description": "This testcases is to validate CredKart website user registration", "attachments": [{"name": "log", "source": "b6dcf21a-e0c5-4dcf-b1bd-79f844873e8e-attachment.txt", "type": "text/plain"}, {"name": "stdout", "source": "db336ee0-5253-40cd-913a-b87c17fb5221-attachment.txt", "type": "text/plain"}], "start": 1770654728934, "stop": 1770654735182, "uuid": "01d7253f-5a7a-4c68-821d-40bd634265eb", "historyId": "345fe2179dc8a6030a6ce2042cd13ddc", "testCaseId": "345fe2179dc8a6030a6ce2042cd13ddc", "fullName": "testCases.test_Credkart_User_Profile_001.Test_User_Profile#test_Credkart_registration_003", "labels": [{"name": "severity", "value": "critical"}, {"name": "epic", "value": "Epic: Userprofile: user registration"}, {"name": "story", "value": "CredKart : User registration"}, {"name": "tag", "value": "smoke"}, {"name": "parentSuite", "value": "testCases"}, {"name": "suite", "value": "test_Credkart_User_Profile_001"}, {"name": "subSuite", "value": "Test_User_Profile"}, {"name": "host", "value": "DESKTOP-O6M24KC"}, {"name": "thread", "value": "12816-MainThread"}, {"name": "framework", "value": "pytest"}, {"name": "language", "value": "cpython3"}, {"name": "package", "value": "testCases.test_Credkart_User_Profile_001"}], "links": [{"type": "issue", "url": "user registration", "name": "user registration"}, {"type": "link", "url": "https://automation.credence.in/login", "name": "https://automation.credence.in/login"}], "titlePath": ["testCases", "test_Credkart_User_Profile_001.py", "Test_User_Profile"]}