{"name": "test_Credkart_registration_003", "status": "broken", "statusDetails": {"message": "selenium.common.exceptions.NoSuchElementException: Message: Unable to locate element: //input[@id='name']; For documentation on this error, please visit: https://www.selenium.dev/documentation/webdriver/troubleshooting/errors#nosuchelementexception\nStacktrace:\nRemoteError@chrome://remote/content/shared/RemoteError.sys.mjs:8:8\nWebDriverError@chrome://remote/content/shared/webdriver/Errors.sys.mjs:202:5\nNoSuchElementError@chrome://remote/content/shared/webdriver/Errors.sys.mjs:555:5\ndom.find/</<@chrome://remote/content/shared/DOM.sys.mjs:136:16", "trace": "self = <testCases.test_Credkart_User_Profile_001.Test_User_Profile object at 0x00000191F33E0770>\n\n    @allure.title(\"test_Credkart_registration_003\")\n    @allure.severity(allure.severity_level.CRITICAL)\n    @allure.epic(\"Epic: Userprofile: user registration\")\n    @allure.description(\"This testcases is to validate CredKart website user registration\")\n    @allure.link(login_url)\n    @allure.issue(\"user registration\")\n    @allure.story(\"CredKart : User registration\")\n    @pytest.mark.smoke\n    @pytest.mark.flaky(reruns=1, rerun_delay=1)\n    #@pytest.mark.dependency(depends=[\"test_verify_Credkart_url_001\"])\n    @pytest.mark.order(3)\n    def test_Credkart_registration_003(self):\n        self.log.info(f\"Testcase test_verify_Credkart_url_003 is starting\")\n    \n        self.driver.get(self.registration_url)\n        self.log.info(f\"Opening browser and getting {self.registration_url}\")\n        fake_email = \"\"\n        fake_username = Faker().user_name()  # New\n        fake_email = Faker().email()  # New\n        self.log.info(f\"Generated fake data for username --> {fake_username} and email --> {fake_email}\")\n        password_data = \"Credence_user_101@123\"\n    \n    \n    \n        self.rp = Registration_Page_Class(self.driver)\n    \n        # Enter Username\n>       self.rp.Enter_Name(fake_username)\n\ntestCases\\test_Credkart_User_Profile_001.py:176: \n_ _ _ _ _ _ _ _ _ _ _ _ _ _ _ _ _ _ _ _ _ _ _ _ _ _ _ _ _ _ _ _ _ _ _ _ _ _ _ _\npageObjects\\Registration_Page.py:16: in Enter_Name\n    self.driver.find_element(By.XPATH, self.text_name_xpath).send_keys(name)\n    ^^^^^^^^^^^^^^^^^^^^^^^^^^^^^^^^^^^^^^^^^^^^^^^^^^^^^^^^\n.venv\\Lib\\site-packages\\selenium\\webdriver\\remote\\webdriver.py:802: in find_element\n    return self.execute(Command.FIND_ELEMENT, {\"using\": by, \"value\": value})[\"value\"]\n           ^^^^^^^^^^^^^^^^^^^^^^^^^^^^^^^^^^^^^^^^^^^^^^^^^^^^^^^^^^^^^^^^^\n.venv\\Lib\\site-packages\\selenium\\webdriver\\remote\\webdriver.py:432: in execute\n    self.error_handler.check_response(response)\n_ _ _ _ _ _ _ _ _ _ _ _ _ _ _ _ _ _ _ _ _ _ _ _ _ _ _ _ _ _ _ _ _ _ _ _ _ _ _ _\n\nself = <selenium.webdriver.remote.errorhandler.ErrorHandler object at 0x00000191F3467230>\nresponse = {'status': 404, 'value': '{\"value\":{\"error\":\"no such element\",\"message\":\"Unable to locate element: //input[@id=\\'name\\.../content/shared/webdriver/Errors.sys.mjs:555:5\\\\ndom.find/</<@chrome://remote/content/shared/DOM.sys.mjs:136:16\\\\n\"}}'}\n\n    def check_response(self, response: dict[str, Any]) -> None:\n        \"\"\"Check that a JSON response from the WebDriver does not have an error.\n    \n        Args:\n            response: The JSON response from the WebDriver server as a dictionary\n                object.\n    \n        Raises:\n            WebDriverException: If the response contains an error message.\n        \"\"\"\n        status = response.get(\"status\", None)\n        if not status or status == ErrorCode.SUCCESS:\n            return\n        value = None\n        message = response.get(\"message\", \"\")\n        screen: str = response.get(\"screen\", \"\")\n        stacktrace = None\n        if isinstance(status, int):\n            value_json = response.get(\"value\", None)\n            if value_json and isinstance(value_json, str):\n                try:\n                    value = json.loads(value_json)\n                    if isinstance(value, dict):\n                        if len(value) == 1:\n                            value = value[\"value\"]\n                        status = value.get(\"error\", None)\n                        if not status:\n                            status = value.get(\"status\", ErrorCode.UNKNOWN_ERROR)\n                            message = value.get(\"value\") or value.get(\"message\")\n                            if not isinstance(message, str):\n                                value = message\n                                message = message.get(\"message\") if isinstance(message, dict) else None\n                        else:\n                            message = value.get(\"message\", None)\n                except ValueError:\n                    pass\n    \n        exception_class: type[WebDriverException]\n        e = ErrorCode()\n        error_codes = [item for item in dir(e) if not item.startswith(\"__\")]\n        for error_code in error_codes:\n            error_info = getattr(ErrorCode, error_code)\n            if isinstance(error_info, list) and status in error_info:\n                exception_class = getattr(ExceptionMapping, error_code, WebDriverException)\n                break\n        else:\n            exception_class = WebDriverException\n    \n        if not value:\n            value = response[\"value\"]\n        if isinstance(value, str):\n            raise exception_class(value)\n        if message == \"\" and \"message\" in value:\n            message = value[\"message\"]\n    \n        screen = None  # type: ignore[assignment]\n        if \"screen\" in value:\n            screen = value[\"screen\"]\n    \n        stacktrace = None\n        st_value = value.get(\"stackTrace\") or value.get(\"stacktrace\")\n        if st_value:\n            if isinstance(st_value, str):\n                stacktrace = st_value.split(\"\\n\")\n            else:\n                stacktrace = []\n                try:\n                    for frame in st_value:\n                        line = frame.get(\"lineNumber\", \"\")\n                        file = frame.get(\"fileName\", \"<anonymous>\")\n                        if line:\n                            file = f\"{file}:{line}\"\n                        meth = frame.get(\"methodName\", \"<anonymous>\")\n                        if \"className\" in frame:\n                            meth = f\"{frame['className']}.{meth}\"\n                        msg = \"    at %s (%s)\"\n                        msg = msg % (meth, file)\n                        stacktrace.append(msg)\n                except TypeError:\n                    pass\n        if exception_class == UnexpectedAlertPresentException:\n            alert_text = None\n            if \"data\" in value:\n                alert_text = value[\"data\"].get(\"text\")\n            elif \"alert\" in value:\n                alert_text = value[\"alert\"].get(\"text\")\n            raise exception_class(message, screen, stacktrace, alert_text)  # type: ignore[call-arg]  # mypy is not smart enough here\n>       raise exception_class(message, screen, stacktrace)\nE       selenium.common.exceptions.NoSuchElementException: Message: Unable to locate element: //input[@id='name']; For documentation on this error, please visit: https://www.selenium.dev/documentation/webdriver/troubleshooting/errors#nosuchelementexception\nE       Stacktrace:\nE       RemoteError@chrome://remote/content/shared/RemoteError.sys.mjs:8:8\nE       WebDriverError@chrome://remote/content/shared/webdriver/Errors.sys.mjs:202:5\nE       NoSuchElementError@chrome://remote/content/shared/webdriver/Errors.sys.mjs:555:5\nE       dom.find/</<@chrome://remote/content/shared/DOM.sys.mjs:136:16\n\n.venv\\Lib\\site-packages\\selenium\\webdriver\\remote\\errorhandler.py:232: NoSuchElementException"}, "description": "This testcases is to validate CredKart website user registration", "attachments": [{"name": "log", "source": "250bb203-31a1-418d-ab93-4b7729e7528f-attachment.txt", "type": "text/plain"}, {"name": "stdout", "source": "603344b9-b559-4c7a-99d4-98530d310d90-attachment.txt", "type": "text/plain"}], "start": 1770652544285, "stop": 1770652549831, "uuid": "0d2c5557-4c9c-4aa9-a131-8bd4e70e07f5", "historyId": "345fe2179dc8a6030a6ce2042cd13ddc", "testCaseId": "345fe2179dc8a6030a6ce2042cd13ddc", "fullName": "testCases.test_Credkart_User_Profile_001.Test_User_Profile#test_Credkart_registration_003", "labels": [{"name": "story", "value": "CredKart : User registration"}, {"name": "severity", "value": "critical"}, {"name": "epic", "value": "Epic: Userprofile: user registration"}, {"name": "tag", "value": "smoke"}, {"name": "parentSuite", "value": "testCases"}, {"name": "suite", "value": "test_Credkart_User_Profile_001"}, {"name": "subSuite", "value": "Test_User_Profile"}, {"name": "host", "value": "DESKTOP-O6M24KC"}, {"name": "thread", "value": "4604-MainThread"}, {"name": "framework", "value": "pytest"}, {"name": "language", "value": "cpython3"}, {"name": "package", "value": "testCases.test_Credkart_User_Profile_001"}], "links": [{"type": "issue", "url": "user registration", "name": "user registration"}, {"type": "link", "url": "https://automation.credence.in/login", "name": "https://automation.credence.in/login"}], "titlePath": ["testCases", "test_Credkart_User_Profile_001.py", "Test_User_Profile"]}